# JRE version: Java(TM) SE Runtime Environment (10.0.1+10) (build 10.0.1+10)
# Java VM: Java HotSpot(TM) 64-Bit Server VM (10.0.1+10, mixed mode, tiered, compressed oops, g1 gc, bsd-amd64)
Heap:
 garbage-first heap   total 315392K, used 152280K [0x00000006c0000000, 0x00000007c0000000)
  region size 1024K, 141 young (144384K), 18 survivors (18432K)
 Metaspace       used 58737K, capacity 60177K, committed 60508K, reserved 1101824K
  class space    used 7360K, capacity 7923K, committed 7932K, reserved 1048576K
GC Heap History (10 events):
Event: 1.174 GC heap before
{Heap before GC invocations=1 (full 0):
 garbage-first heap   total 262144K, used 68513K [0x00000006c0000000, 0x00000007c0000000)
  region size 1024K, 64 young (65536K), 3 survivors (3072K)
 Metaspace       used 20623K, capacity 21144K, committed 21296K, reserved 1069056K
  class space    used 2357K, capacity 2577K, committed 2608K, reserved 1048576K
}
Event: 1.181 GC heap after
{Heap after GC invocations=2 (full 0):
 garbage-first heap   total 262144K, used 10043K [0x00000006c0000000, 0x00000007c0000000)
  region size 1024K, 6 young (6144K), 6 survivors (6144K)
 Metaspace       used 20623K, capacity 21144K, committed 21296K, reserved 1069056K
  class space    used 2357K, capacity 2577K, committed 2608K, reserved 1048576K
}
Event: 1.678 GC heap before
{Heap before GC invocations=3 (full 0):
 garbage-first heap   total 262144K, used 82747K [0x00000006c0000000, 0x00000007c0000000)
  region size 1024K, 77 young (78848K), 6 survivors (6144K)
 Metaspace       used 28585K, capacity 29424K, committed 29564K, reserved 1075200K
  class space    used 3295K, capacity 3627K, committed 3708K, reserved 1048576K
}
Event: 1.687 GC heap after
{Heap after GC invocations=4 (full 0):
 garbage-first heap   total 262144K, used 12937K [0x00000006c0000000, 0x00000007c0000000)
  region size 1024K, 6 young (6144K), 6 survivors (6144K)
 Metaspace       used 28585K, capacity 29424K, committed 29564K, reserved 1075200K
  class space    used 3295K, capacity 3627K, committed 3708K, reserved 1048576K
}
Event: 2.155 GC heap before
{Heap before GC invocations=4 (full 0):
 garbage-first heap   total 262144K, used 102025K [0x00000006c0000000, 0x00000007c0000000)
  region size 1024K, 93 young (95232K), 6 survivors (6144K)
 Metaspace       used 31427K, capacity 32363K, committed 32508K, reserved 1077248K
  class space    used 3710K, capacity 4064K, committed 4092K, reserved 1048576K
}
Event: 2.164 GC heap after
{Heap after GC invocations=5 (full 0):
 garbage-first heap   total 262144K, used 15511K [0x00000006c0000000, 0x00000007c0000000)
  region size 1024K, 9 young (9216K), 9 survivors (9216K)
 Metaspace       used 31427K, capacity 32363K, committed 32508K, reserved 1077248K
  class space    used 3710K, capacity 4064K, committed 4092K, reserved 1048576K
}
Event: 2.670 GC heap before
{Heap before GC invocations=5 (full 0):
 garbage-first heap   total 262144K, used 68759K [0x00000006c0000000, 0x00000007c0000000)
  region size 1024K, 62 young (63488K), 9 survivors (9216K)
 Metaspace       used 35012K, capacity 36025K, committed 36048K, reserved 1081344K
  class space    used 4176K, capacity 4587K, committed 4604K, reserved 1048576K
}
Event: 2.680 GC heap after
{Heap after GC invocations=6 (full 0):
 garbage-first heap   total 315392K, used 18564K [0x00000006c0000000, 0x00000007c0000000)
  region size 1024K, 12 young (12288K), 12 survivors (12288K)
 Metaspace       used 35012K, capacity 36025K, committed 36048K, reserved 1081344K
  class space    used 4176K, capacity 4587K, committed 4604K, reserved 1048576K
}
Event: 3.786 GC heap before
{Heap before GC invocations=7 (full 0):
 garbage-first heap   total 315392K, used 162948K [0x00000006c0000000, 0x00000007c0000000)
  region size 1024K, 153 young (156672K), 12 survivors (12288K)
 Metaspace       used 44901K, capacity 46092K, committed 46416K, reserved 1089536K
  class space    used 5418K, capacity 5885K, committed 6012K, reserved 1048576K
}
Event: 3.805 GC heap after
{Heap after GC invocations=8 (full 0):
 garbage-first heap   total 315392K, used 27352K [0x00000006c0000000, 0x00000007c0000000)
  region size 1024K, 18 young (18432K), 18 survivors (18432K)
 Metaspace       used 44901K, capacity 46092K, committed 46416K, reserved 1089536K
  class space    used 5418K, capacity 5885K, committed 6012K, reserved 1048576K
}

